[ 2016-06-02T13:31:54+08:00 ] ::1 /admin.php?m=admin&c=index
INFO: [ app_init ] --START--
INFO: Run Behavior\BuildLiteBehavior [ RunTime:0.000037s ]
INFO: [ app_init ] --END-- [ RunTime:0.000549s ]
INFO: [ app_begin ] --START--
INFO: Run Behavior\ReadHtmlCacheBehavior [ RunTime:0.000554s ]
INFO: [ app_begin ] --END-- [ RunTime:0.000732s ]
INFO: [ view_parse ] --START--
INFO: [ template_filter ] --START--
INFO: Run Behavior\ContentReplaceBehavior [ RunTime:0.000104s ]
INFO: [ template_filter ] --END-- [ RunTime:0.000241s ]
ERR: SQLSTATE[HY000] [1049] Unknown database 'cms_admin'

[ 2016-06-02T13:34:41+08:00 ] ::1 /admin.php?m=admin&c=index
INFO: [ app_init ] --START--
INFO: Run Behavior\BuildLiteBehavior [ RunTime:0.000034s ]
INFO: [ app_init ] --END-- [ RunTime:0.008123s ]
INFO: [ app_begin ] --START--
INFO: Run Behavior\ReadHtmlCacheBehavior [ RunTime:0.008712s ]
INFO: [ app_begin ] --END-- [ RunTime:0.008868s ]
INFO: [ view_parse ] --START--
INFO: [ template_filter ] --START--
INFO: Run Behavior\ContentReplaceBehavior [ RunTime:0.000151s ]
INFO: [ template_filter ] --END-- [ RunTime:0.000297s ]
ERR: SQLSTATE[HY000] [1049] Unknown database 'cms_admin'

[ 2016-06-02T13:34:52+08:00 ] ::1 /admin.php?m=admin&c=index
INFO: [ app_init ] --START--
INFO: Run Behavior\BuildLiteBehavior [ RunTime:0.000038s ]
INFO: [ app_init ] --END-- [ RunTime:0.000582s ]
INFO: [ app_begin ] --START--
INFO: Run Behavior\ReadHtmlCacheBehavior [ RunTime:0.000779s ]
INFO: [ app_begin ] --END-- [ RunTime:0.000961s ]
INFO: [ view_parse ] --START--
INFO: [ template_filter ] --START--
INFO: Run Behavior\ContentReplaceBehavior [ RunTime:0.000093s ]
INFO: [ template_filter ] --END-- [ RunTime:0.000231s ]
ERR: SQLSTATE[HY000] [1049] Unknown database 'cms_admin'

[ 2016-06-02T13:43:07+08:00 ] ::1 /admin.php?m=admin&c=index
INFO: [ app_init ] --START--
INFO: Run Behavior\BuildLiteBehavior [ RunTime:0.000031s ]
INFO: [ app_init ] --END-- [ RunTime:0.000522s ]
INFO: [ app_begin ] --START--
INFO: Run Behavior\ReadHtmlCacheBehavior [ RunTime:0.000499s ]
INFO: [ app_begin ] --END-- [ RunTime:0.000629s ]
INFO: [ view_parse ] --START--
INFO: [ template_filter ] --START--
INFO: Run Behavior\ContentReplaceBehavior [ RunTime:0.000116s ]
INFO: [ template_filter ] --END-- [ RunTime:0.000258s ]
ERR: SQLSTATE[HY000] [1049] Unknown database 'cms_admin'

[ 2016-06-02T13:44:11+08:00 ] ::1 /admin.php?m=admin&c=index
INFO: [ app_init ] --START--
INFO: Run Behavior\BuildLiteBehavior [ RunTime:0.000031s ]
INFO: [ app_init ] --END-- [ RunTime:0.000487s ]
INFO: [ app_begin ] --START--
INFO: Run Behavior\ReadHtmlCacheBehavior [ RunTime:0.000620s ]
INFO: [ app_begin ] --END-- [ RunTime:0.000775s ]
INFO: [ view_parse ] --START--
INFO: [ template_filter ] --START--
INFO: Run Behavior\ContentReplaceBehavior [ RunTime:0.000093s ]
INFO: [ template_filter ] --END-- [ RunTime:0.000227s ]
ERR: 1146:Table 'cms_admin.cms_menu' doesn't exist
 [ SQL语句 ] : SHOW COLUMNS FROM `cms_menu`
ERR: 1146:Table 'cms_admin.cms_menu' doesn't exist
 [ SQL语句 ] : SHOW COLUMNS FROM `cms_menu`

[ 2016-06-02T13:47:17+08:00 ] ::1 /admin.php?m=admin&c=index
INFO: [ app_init ] --START--
INFO: Run Behavior\BuildLiteBehavior [ RunTime:0.000040s ]
INFO: [ app_init ] --END-- [ RunTime:0.000589s ]
INFO: [ app_begin ] --START--
INFO: Run Behavior\ReadHtmlCacheBehavior [ RunTime:0.000694s ]
INFO: [ app_begin ] --END-- [ RunTime:0.000872s ]
INFO: [ view_parse ] --START--
INFO: [ template_filter ] --START--
INFO: Run Behavior\ContentReplaceBehavior [ RunTime:0.000099s ]
INFO: [ template_filter ] --END-- [ RunTime:0.000234s ]
ERR: 1146:Table 'cms_admin.cms_menu' doesn't exist
 [ SQL语句 ] : SHOW COLUMNS FROM `cms_menu`
ERR: 1146:Table 'cms_admin.cms_menu' doesn't exist
 [ SQL语句 ] : SHOW COLUMNS FROM `cms_menu`

[ 2016-06-02T13:48:09+08:00 ] ::1 /admin.php?m=admin&c=index
INFO: [ app_init ] --START--
INFO: Run Behavior\BuildLiteBehavior [ RunTime:0.000055s ]
INFO: [ app_init ] --END-- [ RunTime:0.000729s ]
INFO: [ app_begin ] --START--
INFO: Run Behavior\ReadHtmlCacheBehavior [ RunTime:0.000906s ]
INFO: [ app_begin ] --END-- [ RunTime:0.001152s ]
INFO: [ view_parse ] --START--
INFO: [ template_filter ] --START--
INFO: Run Behavior\ContentReplaceBehavior [ RunTime:0.000095s ]
INFO: [ template_filter ] --END-- [ RunTime:0.000227s ]

[ 2016-06-02T13:49:36+08:00 ] ::1 /admin.php?m=admin&c=index
INFO: [ app_init ] --START--
INFO: Run Behavior\BuildLiteBehavior [ RunTime:0.000046s ]
INFO: [ app_init ] --END-- [ RunTime:0.000682s ]
INFO: [ app_begin ] --START--
INFO: Run Behavior\ReadHtmlCacheBehavior [ RunTime:0.000856s ]
INFO: [ app_begin ] --END-- [ RunTime:0.001065s ]
INFO: [ view_parse ] --START--
INFO: [ template_filter ] --START--
INFO: Run Behavior\ContentReplaceBehavior [ RunTime:0.000100s ]
INFO: [ template_filter ] --END-- [ RunTime:0.000236s ]

[ 2016-06-02T13:49:57+08:00 ] ::1 /admin.php?m=admin&c=index
INFO: [ app_init ] --START--
INFO: Run Behavior\BuildLiteBehavior [ RunTime:0.000038s ]
INFO: [ app_init ] --END-- [ RunTime:0.000567s ]
INFO: [ app_begin ] --START--
INFO: Run Behavior\ReadHtmlCacheBehavior [ RunTime:0.000685s ]
INFO: [ app_begin ] --END-- [ RunTime:0.000855s ]
INFO: [ view_parse ] --START--
INFO: [ template_filter ] --START--
INFO: Run Behavior\ContentReplaceBehavior [ RunTime:0.000124s ]
INFO: [ template_filter ] --END-- [ RunTime:0.000308s ]
NOTIC: [8] Undefined variable: navs E:\Demo\qzmtmy\App\Runtime\Cache\Admin\9df924d9a2d217daa77a359c5bee0c33.php 第 77 行.
NOTIC: [8] Undefined variable: adminCount E:\Demo\qzmtmy\App\Runtime\Cache\Admin\9df924d9a2d217daa77a359c5bee0c33.php 第 113 行.
NOTIC: [8] Undefined variable: newsCount E:\Demo\qzmtmy\App\Runtime\Cache\Admin\9df924d9a2d217daa77a359c5bee0c33.php 第 135 行.
NOTIC: [8] Undefined variable: news E:\Demo\qzmtmy\App\Runtime\Cache\Admin\9df924d9a2d217daa77a359c5bee0c33.php 第 157 行.
NOTIC: [8] Undefined variable: news E:\Demo\qzmtmy\App\Runtime\Cache\Admin\9df924d9a2d217daa77a359c5bee0c33.php 第 162 行.
NOTIC: [8] Undefined variable: news E:\Demo\qzmtmy\App\Runtime\Cache\Admin\9df924d9a2d217daa77a359c5bee0c33.php 第 166 行.
NOTIC: [8] Undefined variable: positionCount E:\Demo\qzmtmy\App\Runtime\Cache\Admin\9df924d9a2d217daa77a359c5bee0c33.php 第 179 行.
INFO: Run Behavior\ParseTemplateBehavior [ RunTime:0.031617s ]
INFO: [ view_parse ] --END-- [ RunTime:0.031872s ]
INFO: [ view_filter ] --START--
INFO: Run Behavior\WriteHtmlCacheBehavior [ RunTime:0.007468s ]
INFO: [ view_filter ] --END-- [ RunTime:0.007698s ]
INFO: [ app_end ] --START--
INFO: Run Behavior\ShowPageTraceBehavior [ RunTime:0.006974s ]
INFO: [ app_end ] --END-- [ RunTime:0.007151s ]

[ 2016-06-02T13:51:01+08:00 ] ::1 /admin.php?m=admin&c=index
INFO: [ app_init ] --START--
INFO: Run Behavior\BuildLiteBehavior [ RunTime:0.000046s ]
INFO: [ app_init ] --END-- [ RunTime:0.000674s ]
INFO: [ app_begin ] --START--
INFO: Run Behavior\ReadHtmlCacheBehavior [ RunTime:0.000944s ]
INFO: [ app_begin ] --END-- [ RunTime:0.001223s ]
INFO: [ view_parse ] --START--
INFO: [ template_filter ] --START--
INFO: Run Behavior\ContentReplaceBehavior [ RunTime:0.000111s ]
INFO: [ template_filter ] --END-- [ RunTime:0.000335s ]
NOTIC: [8] Undefined variable: navs E:\Demo\qzmtmy\App\Runtime\Cache\Admin\9df924d9a2d217daa77a359c5bee0c33.php 第 77 行.
NOTIC: [8] Undefined variable: adminCount E:\Demo\qzmtmy\App\Runtime\Cache\Admin\9df924d9a2d217daa77a359c5bee0c33.php 第 113 行.
NOTIC: [8] Undefined variable: newsCount E:\Demo\qzmtmy\App\Runtime\Cache\Admin\9df924d9a2d217daa77a359c5bee0c33.php 第 135 行.
NOTIC: [8] Undefined variable: news E:\Demo\qzmtmy\App\Runtime\Cache\Admin\9df924d9a2d217daa77a359c5bee0c33.php 第 157 行.
NOTIC: [8] Undefined variable: news E:\Demo\qzmtmy\App\Runtime\Cache\Admin\9df924d9a2d217daa77a359c5bee0c33.php 第 162 行.
NOTIC: [8] Undefined variable: news E:\Demo\qzmtmy\App\Runtime\Cache\Admin\9df924d9a2d217daa77a359c5bee0c33.php 第 166 行.
NOTIC: [8] Undefined variable: positionCount E:\Demo\qzmtmy\App\Runtime\Cache\Admin\9df924d9a2d217daa77a359c5bee0c33.php 第 179 行.
INFO: Run Behavior\ParseTemplateBehavior [ RunTime:0.029267s ]
INFO: [ view_parse ] --END-- [ RunTime:0.029467s ]
INFO: [ view_filter ] --START--
INFO: Run Behavior\WriteHtmlCacheBehavior [ RunTime:0.000492s ]
INFO: [ view_filter ] --END-- [ RunTime:0.000641s ]
INFO: [ app_end ] --START--
INFO: Run Behavior\ShowPageTraceBehavior [ RunTime:0.000565s ]
INFO: [ app_end ] --END-- [ RunTime:0.000690s ]

[ 2016-06-02T13:51:26+08:00 ] ::1 /admin.php?m=admin&c=index
INFO: [ app_init ] --START--
INFO: Run Behavior\BuildLiteBehavior [ RunTime:0.000032s ]
INFO: [ app_init ] --END-- [ RunTime:0.000580s ]
INFO: [ app_begin ] --START--
INFO: Run Behavior\ReadHtmlCacheBehavior [ RunTime:0.000599s ]
INFO: [ app_begin ] --END-- [ RunTime:0.000740s ]
INFO: [ view_parse ] --START--
INFO: [ template_filter ] --START--
INFO: Run Behavior\ContentReplaceBehavior [ RunTime:0.000103s ]
INFO: [ template_filter ] --END-- [ RunTime:0.000252s ]
NOTIC: [8] Undefined variable: navs E:\Demo\qzmtmy\App\Runtime\Cache\Admin\9df924d9a2d217daa77a359c5bee0c33.php 第 77 行.
NOTIC: [8] Undefined variable: adminCount E:\Demo\qzmtmy\App\Runtime\Cache\Admin\9df924d9a2d217daa77a359c5bee0c33.php 第 113 行.
NOTIC: [8] Undefined variable: newsCount E:\Demo\qzmtmy\App\Runtime\Cache\Admin\9df924d9a2d217daa77a359c5bee0c33.php 第 135 行.
NOTIC: [8] Undefined variable: news E:\Demo\qzmtmy\App\Runtime\Cache\Admin\9df924d9a2d217daa77a359c5bee0c33.php 第 157 行.
NOTIC: [8] Undefined variable: news E:\Demo\qzmtmy\App\Runtime\Cache\Admin\9df924d9a2d217daa77a359c5bee0c33.php 第 162 行.
NOTIC: [8] Undefined variable: news E:\Demo\qzmtmy\App\Runtime\Cache\Admin\9df924d9a2d217daa77a359c5bee0c33.php 第 166 行.
NOTIC: [8] Undefined variable: positionCount E:\Demo\qzmtmy\App\Runtime\Cache\Admin\9df924d9a2d217daa77a359c5bee0c33.php 第 179 行.
INFO: Run Behavior\ParseTemplateBehavior [ RunTime:0.029476s ]
INFO: [ view_parse ] --END-- [ RunTime:0.029681s ]
INFO: [ view_filter ] --START--
INFO: Run Behavior\WriteHtmlCacheBehavior [ RunTime:0.000597s ]
INFO: [ view_filter ] --END-- [ RunTime:0.000818s ]
INFO: [ app_end ] --START--
INFO: Run Behavior\ShowPageTraceBehavior [ RunTime:0.000835s ]
INFO: [ app_end ] --END-- [ RunTime:0.001049s ]

[ 2016-06-02T13:51:28+08:00 ] ::1 /admin.php?m=admin&c=index
INFO: [ app_init ] --START--
INFO: Run Behavior\BuildLiteBehavior [ RunTime:0.000045s ]
INFO: [ app_init ] --END-- [ RunTime:0.000652s ]
INFO: [ app_begin ] --START--
INFO: Run Behavior\ReadHtmlCacheBehavior [ RunTime:0.000847s ]
INFO: [ app_begin ] --END-- [ RunTime:0.001057s ]
INFO: [ view_parse ] --START--
INFO: [ template_filter ] --START--
INFO: Run Behavior\ContentReplaceBehavior [ RunTime:0.000118s ]
INFO: [ template_filter ] --END-- [ RunTime:0.000257s ]
NOTIC: [8] Undefined variable: navs E:\Demo\qzmtmy\App\Runtime\Cache\Admin\9df924d9a2d217daa77a359c5bee0c33.php 第 77 行.
NOTIC: [8] Undefined variable: adminCount E:\Demo\qzmtmy\App\Runtime\Cache\Admin\9df924d9a2d217daa77a359c5bee0c33.php 第 113 行.
NOTIC: [8] Undefined variable: newsCount E:\Demo\qzmtmy\App\Runtime\Cache\Admin\9df924d9a2d217daa77a359c5bee0c33.php 第 135 行.
NOTIC: [8] Undefined variable: news E:\Demo\qzmtmy\App\Runtime\Cache\Admin\9df924d9a2d217daa77a359c5bee0c33.php 第 157 行.
NOTIC: [8] Undefined variable: news E:\Demo\qzmtmy\App\Runtime\Cache\Admin\9df924d9a2d217daa77a359c5bee0c33.php 第 162 行.
NOTIC: [8] Undefined variable: news E:\Demo\qzmtmy\App\Runtime\Cache\Admin\9df924d9a2d217daa77a359c5bee0c33.php 第 166 行.
NOTIC: [8] Undefined variable: positionCount E:\Demo\qzmtmy\App\Runtime\Cache\Admin\9df924d9a2d217daa77a359c5bee0c33.php 第 179 行.
INFO: Run Behavior\ParseTemplateBehavior [ RunTime:0.030551s ]
INFO: [ view_parse ] --END-- [ RunTime:0.030719s ]
INFO: [ view_filter ] --START--
INFO: Run Behavior\WriteHtmlCacheBehavior [ RunTime:0.000398s ]
INFO: [ view_filter ] --END-- [ RunTime:0.000515s ]
INFO: [ app_end ] --START--
INFO: Run Behavior\ShowPageTraceBehavior [ RunTime:0.000545s ]
INFO: [ app_end ] --END-- [ RunTime:0.000679s ]

[ 2016-06-02T13:51:41+08:00 ] ::1 /admin.php?m=admin&c=index
INFO: [ app_init ] --START--
INFO: Run Behavior\BuildLiteBehavior [ RunTime:0.000048s ]
INFO: [ app_init ] --END-- [ RunTime:0.000704s ]
INFO: [ app_begin ] --START--
INFO: Run Behavior\ReadHtmlCacheBehavior [ RunTime:0.000905s ]
INFO: [ app_begin ] --END-- [ RunTime:0.001127s ]
INFO: [ view_parse ] --START--
INFO: [ template_filter ] --START--
INFO: Run Behavior\ContentReplaceBehavior [ RunTime:0.000111s ]
INFO: [ template_filter ] --END-- [ RunTime:0.000262s ]
NOTIC: [8] Undefined variable: navs E:\Demo\qzmtmy\App\Runtime\Cache\Admin\9df924d9a2d217daa77a359c5bee0c33.php 第 77 行.
NOTIC: [8] Undefined variable: adminCount E:\Demo\qzmtmy\App\Runtime\Cache\Admin\9df924d9a2d217daa77a359c5bee0c33.php 第 113 行.
NOTIC: [8] Undefined variable: newsCount E:\Demo\qzmtmy\App\Runtime\Cache\Admin\9df924d9a2d217daa77a359c5bee0c33.php 第 135 行.
NOTIC: [8] Undefined variable: news E:\Demo\qzmtmy\App\Runtime\Cache\Admin\9df924d9a2d217daa77a359c5bee0c33.php 第 157 行.
NOTIC: [8] Undefined variable: news E:\Demo\qzmtmy\App\Runtime\Cache\Admin\9df924d9a2d217daa77a359c5bee0c33.php 第 162 行.
NOTIC: [8] Undefined variable: news E:\Demo\qzmtmy\App\Runtime\Cache\Admin\9df924d9a2d217daa77a359c5bee0c33.php 第 166 行.
NOTIC: [8] Undefined variable: positionCount E:\Demo\qzmtmy\App\Runtime\Cache\Admin\9df924d9a2d217daa77a359c5bee0c33.php 第 179 行.
INFO: Run Behavior\ParseTemplateBehavior [ RunTime:0.028971s ]
INFO: [ view_parse ] --END-- [ RunTime:0.029170s ]
INFO: [ view_filter ] --START--
INFO: Run Behavior\WriteHtmlCacheBehavior [ RunTime:0.000473s ]
INFO: [ view_filter ] --END-- [ RunTime:0.000616s ]
INFO: [ app_end ] --START--
INFO: Run Behavior\ShowPageTraceBehavior [ RunTime:0.000609s ]
INFO: [ app_end ] --END-- [ RunTime:0.000774s ]

[ 2016-06-02T13:52:21+08:00 ] ::1 /admin.php?m=admin&c=index
INFO: [ app_init ] --START--
INFO: Run Behavior\BuildLiteBehavior [ RunTime:0.000048s ]
INFO: [ app_init ] --END-- [ RunTime:0.000692s ]
INFO: [ app_begin ] --START--
INFO: Run Behavior\ReadHtmlCacheBehavior [ RunTime:0.000814s ]
INFO: [ app_begin ] --END-- [ RunTime:0.001037s ]
INFO: [ view_parse ] --START--
INFO: [ template_filter ] --START--
INFO: Run Behavior\ContentReplaceBehavior [ RunTime:0.000097s ]
INFO: [ template_filter ] --END-- [ RunTime:0.000255s ]
NOTIC: [8] Undefined variable: navs E:\Demo\qzmtmy\App\Runtime\Cache\Admin\9df924d9a2d217daa77a359c5bee0c33.php 第 77 行.
NOTIC: [8] Undefined variable: adminCount E:\Demo\qzmtmy\App\Runtime\Cache\Admin\9df924d9a2d217daa77a359c5bee0c33.php 第 113 行.
NOTIC: [8] Undefined variable: newsCount E:\Demo\qzmtmy\App\Runtime\Cache\Admin\9df924d9a2d217daa77a359c5bee0c33.php 第 135 行.
NOTIC: [8] Undefined variable: news E:\Demo\qzmtmy\App\Runtime\Cache\Admin\9df924d9a2d217daa77a359c5bee0c33.php 第 157 行.
NOTIC: [8] Undefined variable: news E:\Demo\qzmtmy\App\Runtime\Cache\Admin\9df924d9a2d217daa77a359c5bee0c33.php 第 162 行.
NOTIC: [8] Undefined variable: news E:\Demo\qzmtmy\App\Runtime\Cache\Admin\9df924d9a2d217daa77a359c5bee0c33.php 第 166 行.
NOTIC: [8] Undefined variable: positionCount E:\Demo\qzmtmy\App\Runtime\Cache\Admin\9df924d9a2d217daa77a359c5bee0c33.php 第 179 行.
INFO: Run Behavior\ParseTemplateBehavior [ RunTime:0.028855s ]
INFO: [ view_parse ] --END-- [ RunTime:0.029046s ]
INFO: [ view_filter ] --START--
INFO: Run Behavior\WriteHtmlCacheBehavior [ RunTime:0.000367s ]
INFO: [ view_filter ] --END-- [ RunTime:0.000494s ]
INFO: [ app_end ] --START--
INFO: Run Behavior\ShowPageTraceBehavior [ RunTime:0.000622s ]
INFO: [ app_end ] --END-- [ RunTime:0.000791s ]

[ 2016-06-02T13:52:22+08:00 ] ::1 /admin.php?m=admin&c=index
INFO: [ app_init ] --START--
INFO: Run Behavior\BuildLiteBehavior [ RunTime:0.000071s ]
INFO: [ app_init ] --END-- [ RunTime:0.000909s ]
INFO: [ app_begin ] --START--
INFO: Run Behavior\ReadHtmlCacheBehavior [ RunTime:0.000708s ]
INFO: [ app_begin ] --END-- [ RunTime:0.000899s ]
INFO: [ view_parse ] --START--
INFO: [ template_filter ] --START--
INFO: Run Behavior\ContentReplaceBehavior [ RunTime:0.000096s ]
INFO: [ template_filter ] --END-- [ RunTime:0.000239s ]
NOTIC: [8] Undefined variable: navs E:\Demo\qzmtmy\App\Runtime\Cache\Admin\9df924d9a2d217daa77a359c5bee0c33.php 第 77 行.
NOTIC: [8] Undefined variable: adminCount E:\Demo\qzmtmy\App\Runtime\Cache\Admin\9df924d9a2d217daa77a359c5bee0c33.php 第 113 行.
NOTIC: [8] Undefined variable: newsCount E:\Demo\qzmtmy\App\Runtime\Cache\Admin\9df924d9a2d217daa77a359c5bee0c33.php 第 135 行.
NOTIC: [8] Undefined variable: news E:\Demo\qzmtmy\App\Runtime\Cache\Admin\9df924d9a2d217daa77a359c5bee0c33.php 第 157 行.
NOTIC: [8] Undefined variable: news E:\Demo\qzmtmy\App\Runtime\Cache\Admin\9df924d9a2d217daa77a359c5bee0c33.php 第 162 行.
NOTIC: [8] Undefined variable: news E:\Demo\qzmtmy\App\Runtime\Cache\Admin\9df924d9a2d217daa77a359c5bee0c33.php 第 166 行.
NOTIC: [8] Undefined variable: positionCount E:\Demo\qzmtmy\App\Runtime\Cache\Admin\9df924d9a2d217daa77a359c5bee0c33.php 第 179 行.
INFO: Run Behavior\ParseTemplateBehavior [ RunTime:0.024195s ]
INFO: [ view_parse ] --END-- [ RunTime:0.024371s ]
INFO: [ view_filter ] --START--
INFO: Run Behavior\WriteHtmlCacheBehavior [ RunTime:0.000428s ]
INFO: [ view_filter ] --END-- [ RunTime:0.000570s ]
INFO: [ app_end ] --START--
INFO: Run Behavior\ShowPageTraceBehavior [ RunTime:0.000570s ]
INFO: [ app_end ] --END-- [ RunTime:0.000716s ]

[ 2016-06-02T13:54:48+08:00 ] ::1 /admin.php?m=admin&c=index
INFO: [ app_init ] --START--
INFO: Run Behavior\BuildLiteBehavior [ RunTime:0.000031s ]
INFO: [ app_init ] --END-- [ RunTime:0.000483s ]
INFO: [ app_begin ] --START--
INFO: Run Behavior\ReadHtmlCacheBehavior [ RunTime:0.000491s ]
INFO: [ app_begin ] --END-- [ RunTime:0.000639s ]
INFO: [ view_parse ] --START--
INFO: [ template_filter ] --START--
INFO: Run Behavior\ContentReplaceBehavior [ RunTime:0.000144s ]
INFO: [ template_filter ] --END-- [ RunTime:0.000446s ]
NOTIC: [8] Undefined variable: navs E:\Demo\qzmtmy\App\Runtime\Cache\Admin\9df924d9a2d217daa77a359c5bee0c33.php 第 77 行.
NOTIC: [8] Undefined variable: adminCount E:\Demo\qzmtmy\App\Runtime\Cache\Admin\9df924d9a2d217daa77a359c5bee0c33.php 第 113 行.
NOTIC: [8] Undefined variable: newsCount E:\Demo\qzmtmy\App\Runtime\Cache\Admin\9df924d9a2d217daa77a359c5bee0c33.php 第 135 行.
NOTIC: [8] Undefined variable: news E:\Demo\qzmtmy\App\Runtime\Cache\Admin\9df924d9a2d217daa77a359c5bee0c33.php 第 157 行.
NOTIC: [8] Undefined variable: news E:\Demo\qzmtmy\App\Runtime\Cache\Admin\9df924d9a2d217daa77a359c5bee0c33.php 第 162 行.
NOTIC: [8] Undefined variable: news E:\Demo\qzmtmy\App\Runtime\Cache\Admin\9df924d9a2d217daa77a359c5bee0c33.php 第 166 行.
NOTIC: [8] Undefined variable: positionCount E:\Demo\qzmtmy\App\Runtime\Cache\Admin\9df924d9a2d217daa77a359c5bee0c33.php 第 179 行.
INFO: Run Behavior\ParseTemplateBehavior [ RunTime:0.028546s ]
INFO: [ view_parse ] --END-- [ RunTime:0.028682s ]
INFO: [ view_filter ] --START--
INFO: Run Behavior\WriteHtmlCacheBehavior [ RunTime:0.000367s ]
INFO: [ view_filter ] --END-- [ RunTime:0.000495s ]
INFO: [ app_end ] --START--
INFO: Run Behavior\ShowPageTraceBehavior [ RunTime:0.000526s ]
INFO: [ app_end ] --END-- [ RunTime:0.000657s ]

[ 2016-06-02T13:54:49+08:00 ] ::1 /admin.php
INFO: [ app_init ] --START--
INFO: Run Behavior\BuildLiteBehavior [ RunTime:0.000037s ]
INFO: [ app_init ] --END-- [ RunTime:0.000519s ]
INFO: [ app_begin ] --START--
INFO: Run Behavior\ReadHtmlCacheBehavior [ RunTime:0.000584s ]
INFO: [ app_begin ] --END-- [ RunTime:0.000745s ]
INFO: [ view_parse ] --START--
INFO: [ template_filter ] --START--
INFO: Run Behavior\ContentReplaceBehavior [ RunTime:0.000211s ]
INFO: [ template_filter ] --END-- [ RunTime:0.000520s ]
NOTIC: [8] Undefined variable: navs E:\Demo\qzmtmy\App\Runtime\Cache\Admin\9df924d9a2d217daa77a359c5bee0c33.php 第 77 行.
NOTIC: [8] Undefined variable: adminCount E:\Demo\qzmtmy\App\Runtime\Cache\Admin\9df924d9a2d217daa77a359c5bee0c33.php 第 113 行.
NOTIC: [8] Undefined variable: newsCount E:\Demo\qzmtmy\App\Runtime\Cache\Admin\9df924d9a2d217daa77a359c5bee0c33.php 第 135 行.
NOTIC: [8] Undefined variable: news E:\Demo\qzmtmy\App\Runtime\Cache\Admin\9df924d9a2d217daa77a359c5bee0c33.php 第 157 行.
NOTIC: [8] Undefined variable: news E:\Demo\qzmtmy\App\Runtime\Cache\Admin\9df924d9a2d217daa77a359c5bee0c33.php 第 162 行.
NOTIC: [8] Undefined variable: news E:\Demo\qzmtmy\App\Runtime\Cache\Admin\9df924d9a2d217daa77a359c5bee0c33.php 第 166 行.
NOTIC: [8] Undefined variable: positionCount E:\Demo\qzmtmy\App\Runtime\Cache\Admin\9df924d9a2d217daa77a359c5bee0c33.php 第 179 行.
INFO: Run Behavior\ParseTemplateBehavior [ RunTime:0.027355s ]
INFO: [ view_parse ] --END-- [ RunTime:0.027530s ]
INFO: [ view_filter ] --START--
INFO: Run Behavior\WriteHtmlCacheBehavior [ RunTime:0.000381s ]
INFO: [ view_filter ] --END-- [ RunTime:0.000520s ]
INFO: [ app_end ] --START--
INFO: Run Behavior\ShowPageTraceBehavior [ RunTime:0.000486s ]
INFO: [ app_end ] --END-- [ RunTime:0.000612s ]

